1591596821819	mozrunner::runner	INFO	Running command: "/usr/bin/firefox" "-marionette" "-foreground" "-no-remote" "-profile" "/tmp/rust_mozprofileLyMW3N"
1591596822651	addons.webextension.doh-rollout@mozilla.org	WARN	Loading extension 'doh-rollout@mozilla.org': Reading manifest: Invalid extension permission: networkStatus
1591596823167	addons.webextension.screenshots@mozilla.org	WARN	Loading extension 'screenshots@mozilla.org': Reading manifest: Invalid extension permission: mozillaAddons
1591596823167	addons.webextension.screenshots@mozilla.org	WARN	Loading extension 'screenshots@mozilla.org': Reading manifest: Invalid extension permission: telemetry
1591596823167	addons.webextension.screenshots@mozilla.org	WARN	Loading extension 'screenshots@mozilla.org': Reading manifest: Invalid extension permission: resource://pdf.js/
1591596823167	addons.webextension.screenshots@mozilla.org	WARN	Loading extension 'screenshots@mozilla.org': Reading manifest: Invalid extension permission: about:reader*
1591596826003	Marionette	INFO	Listening on port 34693
1591596826034	Marionette	WARN	TLS certificate errors will be ignored for this session
JavaScript warning: https://assets.resultspage.com/js/jquery-1.9.1.min.js, line 2: Using //@ to indicate sourceMappingURL pragmas is deprecated. Use //# instead
JavaScript error: https://www.davidjones.com/images/assetimages/frontend/eacss/ea.js, line 7: TypeError: $(...) is undefined
JavaScript warning: https://www.davidjones.com/_Incapsula_Resource?SWJIYLWA=719d34d31c8e3a6e6fffd425f7e032f3&ns=1&cb=1308814706, line 1: unreachable code after return statement
JavaScript warning: https://www.davidjones.com/_Incapsula_Resource?SWJIYLWA=719d34d31c8e3a6e6fffd425f7e032f3&ns=1&cb=1308814706, line 1: unreachable code after return statement
JavaScript warning: https://www.davidjones.com/_Incapsula_Resource?SWJIYLWA=719d34d31c8e3a6e6fffd425f7e032f3&ns=1&cb=1308814706, line 1: unreachable code after return statement
JavaScript warning: https://www.davidjones.com/_Incapsula_Resource?SWJIYLWA=719d34d31c8e3a6e6fffd425f7e032f3&ns=1&cb=1308814706 line 1 > eval, line 1: unreachable code after return statement
JavaScript warning: https://www.davidjones.com/_Incapsula_Resource?SWJIYLWA=719d34d31c8e3a6e6fffd425f7e032f3&ns=1&cb=1308814706 line 1 > eval, line 1: unreachable code after return statement
1591597010696	mozrunner::runner	INFO	Running command: "/usr/bin/firefox" "-marionette" "-foreground" "-no-remote" "-profile" "/tmp/rust_mozprofileJFVMz1"
1591597011032	addons.webextension.doh-rollout@mozilla.org	WARN	Loading extension 'doh-rollout@mozilla.org': Reading manifest: Invalid extension permission: networkStatus
1591597011359	addons.webextension.screenshots@mozilla.org	WARN	Loading extension 'screenshots@mozilla.org': Reading manifest: Invalid extension permission: mozillaAddons
1591597011359	addons.webextension.screenshots@mozilla.org	WARN	Loading extension 'screenshots@mozilla.org': Reading manifest: Invalid extension permission: telemetry
1591597011360	addons.webextension.screenshots@mozilla.org	WARN	Loading extension 'screenshots@mozilla.org': Reading manifest: Invalid extension permission: resource://pdf.js/
1591597011360	addons.webextension.screenshots@mozilla.org	WARN	Loading extension 'screenshots@mozilla.org': Reading manifest: Invalid extension permission: about:reader*
1591597013668	Marionette	INFO	Listening on port 46645
1591597013712	Marionette	WARN	TLS certificate errors will be ignored for this session
JavaScript warning: https://assets.resultspage.com/js/jquery-1.9.1.min.js, line 2: Using //@ to indicate sourceMappingURL pragmas is deprecated. Use //# instead
JavaScript warning: https://www.davidjones.com/_Incapsula_Resource?SWJIYLWA=719d34d31c8e3a6e6fffd425f7e032f3&ns=1&cb=424497534, line 1: unreachable code after return statement
JavaScript warning: https://www.davidjones.com/_Incapsula_Resource?SWJIYLWA=719d34d31c8e3a6e6fffd425f7e032f3&ns=1&cb=424497534, line 1: unreachable code after return statement
JavaScript warning: https://www.davidjones.com/_Incapsula_Resource?SWJIYLWA=719d34d31c8e3a6e6fffd425f7e032f3&ns=1&cb=424497534, line 1: unreachable code after return statement
JavaScript warning: https://www.davidjones.com/_Incapsula_Resource?SWJIYLWA=719d34d31c8e3a6e6fffd425f7e032f3&ns=1&cb=424497534 line 1 > eval, line 1: unreachable code after return statement
JavaScript warning: https://www.davidjones.com/_Incapsula_Resource?SWJIYLWA=719d34d31c8e3a6e6fffd425f7e032f3&ns=1&cb=424497534 line 1 > eval, line 1: unreachable code after return statement
1591597049290	mozrunner::runner	INFO	Running command: "/usr/bin/firefox" "-marionette" "-foreground" "-no-remote" "-profile" "/tmp/rust_mozprofilekZgbVH"
1591597049814	addons.webextension.doh-rollout@mozilla.org	WARN	Loading extension 'doh-rollout@mozilla.org': Reading manifest: Invalid extension permission: networkStatus
1591597050448	addons.webextension.screenshots@mozilla.org	WARN	Loading extension 'screenshots@mozilla.org': Reading manifest: Invalid extension permission: mozillaAddons
1591597050449	addons.webextension.screenshots@mozilla.org	WARN	Loading extension 'screenshots@mozilla.org': Reading manifest: Invalid extension permission: telemetry
1591597050450	addons.webextension.screenshots@mozilla.org	WARN	Loading extension 'screenshots@mozilla.org': Reading manifest: Invalid extension permission: resource://pdf.js/
1591597050451	addons.webextension.screenshots@mozilla.org	WARN	Loading extension 'screenshots@mozilla.org': Reading manifest: Invalid extension permission: about:reader*
1591597053142	Marionette	INFO	Listening on port 43537
1591597053202	Marionette	WARN	TLS certificate errors will be ignored for this session
JavaScript warning: https://assets.resultspage.com/js/jquery-1.9.1.min.js, line 2: Using //@ to indicate sourceMappingURL pragmas is deprecated. Use //# instead
JavaScript warning: https://www.davidjones.com/_Incapsula_Resource?SWJIYLWA=719d34d31c8e3a6e6fffd425f7e032f3&ns=12&cb=338064114, line 1: unreachable code after return statement
JavaScript warning: https://www.davidjones.com/_Incapsula_Resource?SWJIYLWA=719d34d31c8e3a6e6fffd425f7e032f3&ns=12&cb=338064114, line 1: unreachable code after return statement
JavaScript warning: https://www.davidjones.com/_Incapsula_Resource?SWJIYLWA=719d34d31c8e3a6e6fffd425f7e032f3&ns=12&cb=338064114, line 1: unreachable code after return statement
JavaScript warning: https://www.davidjones.com/_Incapsula_Resource?SWJIYLWA=719d34d31c8e3a6e6fffd425f7e032f3&ns=12&cb=338064114 line 1 > eval, line 1: unreachable code after return statement
JavaScript warning: https://www.davidjones.com/_Incapsula_Resource?SWJIYLWA=719d34d31c8e3a6e6fffd425f7e032f3&ns=12&cb=338064114 line 1 > eval, line 1: unreachable code after return statement
1591597306444	mozrunner::runner	INFO	Running command: "/usr/bin/firefox" "-marionette" "-foreground" "-no-remote" "-profile" "/tmp/rust_mozprofile4OQV0D"
1591597306922	addons.webextension.doh-rollout@mozilla.org	WARN	Loading extension 'doh-rollout@mozilla.org': Reading manifest: Invalid extension permission: networkStatus
1591597307422	addons.webextension.screenshots@mozilla.org	WARN	Loading extension 'screenshots@mozilla.org': Reading manifest: Invalid extension permission: mozillaAddons
1591597307423	addons.webextension.screenshots@mozilla.org	WARN	Loading extension 'screenshots@mozilla.org': Reading manifest: Invalid extension permission: telemetry
1591597307424	addons.webextension.screenshots@mozilla.org	WARN	Loading extension 'screenshots@mozilla.org': Reading manifest: Invalid extension permission: resource://pdf.js/
1591597307424	addons.webextension.screenshots@mozilla.org	WARN	Loading extension 'screenshots@mozilla.org': Reading manifest: Invalid extension permission: about:reader*
1591597310080	Marionette	INFO	Listening on port 37167
1591597310162	Marionette	WARN	TLS certificate errors will be ignored for this session
JavaScript warning: https://assets.resultspage.com/js/jquery-1.9.1.min.js, line 2: Using //@ to indicate sourceMappingURL pragmas is deprecated. Use //# instead
JavaScript warning: https://www.davidjones.com/_Incapsula_Resource?SWJIYLWA=719d34d31c8e3a6e6fffd425f7e032f3&ns=14&cb=192096819, line 1: unreachable code after return statement
JavaScript warning: https://www.davidjones.com/_Incapsula_Resource?SWJIYLWA=719d34d31c8e3a6e6fffd425f7e032f3&ns=14&cb=192096819, line 1: unreachable code after return statement
JavaScript warning: https://www.davidjones.com/_Incapsula_Resource?SWJIYLWA=719d34d31c8e3a6e6fffd425f7e032f3&ns=14&cb=192096819, line 1: unreachable code after return statement
JavaScript warning: https://www.davidjones.com/_Incapsula_Resource?SWJIYLWA=719d34d31c8e3a6e6fffd425f7e032f3&ns=14&cb=192096819 line 1 > eval, line 1: unreachable code after return statement
JavaScript warning: https://www.davidjones.com/_Incapsula_Resource?SWJIYLWA=719d34d31c8e3a6e6fffd425f7e032f3&ns=14&cb=192096819 line 1 > eval, line 1: unreachable code after return statement
1591597595195	mozrunner::runner	INFO	Running command: "/usr/bin/firefox" "-marionette" "-foreground" "-no-remote" "-profile" "/tmp/rust_mozprofilezEtnoN"
1591597595530	addons.webextension.doh-rollout@mozilla.org	WARN	Loading extension 'doh-rollout@mozilla.org': Reading manifest: Invalid extension permission: networkStatus
1591597596023	addons.webextension.screenshots@mozilla.org	WARN	Loading extension 'screenshots@mozilla.org': Reading manifest: Invalid extension permission: mozillaAddons
1591597596024	addons.webextension.screenshots@mozilla.org	WARN	Loading extension 'screenshots@mozilla.org': Reading manifest: Invalid extension permission: telemetry
1591597596025	addons.webextension.screenshots@mozilla.org	WARN	Loading extension 'screenshots@mozilla.org': Reading manifest: Invalid extension permission: resource://pdf.js/
1591597596025	addons.webextension.screenshots@mozilla.org	WARN	Loading extension 'screenshots@mozilla.org': Reading manifest: Invalid extension permission: about:reader*
1591597598051	Marionette	INFO	Listening on port 41227
1591597598121	Marionette	WARN	TLS certificate errors will be ignored for this session
JavaScript warning: https://assets.resultspage.com/js/jquery-1.9.1.min.js, line 2: Using //@ to indicate sourceMappingURL pragmas is deprecated. Use //# instead
JavaScript warning: https://www.davidjones.com/_Incapsula_Resource?SWJIYLWA=719d34d31c8e3a6e6fffd425f7e032f3&ns=1&cb=316624255, line 1: unreachable code after return statement
JavaScript warning: https://www.davidjones.com/_Incapsula_Resource?SWJIYLWA=719d34d31c8e3a6e6fffd425f7e032f3&ns=1&cb=316624255, line 1: unreachable code after return statement
JavaScript warning: https://www.davidjones.com/_Incapsula_Resource?SWJIYLWA=719d34d31c8e3a6e6fffd425f7e032f3&ns=1&cb=316624255, line 1: unreachable code after return statement
JavaScript warning: https://www.davidjones.com/_Incapsula_Resource?SWJIYLWA=719d34d31c8e3a6e6fffd425f7e032f3&ns=1&cb=316624255 line 1 > eval, line 1: unreachable code after return statement
JavaScript warning: https://www.davidjones.com/_Incapsula_Resource?SWJIYLWA=719d34d31c8e3a6e6fffd425f7e032f3&ns=1&cb=316624255 line 1 > eval, line 1: unreachable code after return statement
JavaScript warning: https://assets.resultspage.com/js/jquery-1.9.1.min.js, line 2: Using //@ to indicate sourceMappingURL pragmas is deprecated. Use //# instead
JavaScript warning: https://assets.resultspage.com/js/jquery-1.9.1.min.js, line 2: Using //@ to indicate sourceMappingURL pragmas is deprecated. Use //# instead
JavaScript warning: https://assets.resultspage.com/js/jquery-1.9.1.min.js, line 2: Using //@ to indicate sourceMappingURL pragmas is deprecated. Use //# instead
JavaScript error: resource://gre/actors/AutoCompleteChild.jsm, line 196: Error: Invalid autocomplete selectedIndex
JavaScript error: resource://gre/actors/AutoCompleteChild.jsm, line 196: Error: Invalid autocomplete selectedIndex
JavaScript error: resource://gre/actors/AutoCompleteChild.jsm, line 196: Error: Invalid autocomplete selectedIndex
JavaScript error: resource://gre/actors/AutoCompleteChild.jsm, line 196: Error: Invalid autocomplete selectedIndex
1591597924028	mozrunner::runner	INFO	Running command: "/usr/bin/firefox" "-marionette" "-foreground" "-no-remote" "-profile" "/tmp/rust_mozprofiletf1dy1"
1591597924452	addons.webextension.doh-rollout@mozilla.org	WARN	Loading extension 'doh-rollout@mozilla.org': Reading manifest: Invalid extension permission: networkStatus
1591597924855	addons.webextension.screenshots@mozilla.org	WARN	Loading extension 'screenshots@mozilla.org': Reading manifest: Invalid extension permission: mozillaAddons
1591597924855	addons.webextension.screenshots@mozilla.org	WARN	Loading extension 'screenshots@mozilla.org': Reading manifest: Invalid extension permission: telemetry
1591597924855	addons.webextension.screenshots@mozilla.org	WARN	Loading extension 'screenshots@mozilla.org': Reading manifest: Invalid extension permission: resource://pdf.js/
1591597924855	addons.webextension.screenshots@mozilla.org	WARN	Loading extension 'screenshots@mozilla.org': Reading manifest: Invalid extension permission: about:reader*
1591597926713	Marionette	INFO	Listening on port 42625
1591597926743	Marionette	WARN	TLS certificate errors will be ignored for this session
JavaScript warning: https://assets.resultspage.com/js/jquery-1.9.1.min.js, line 2: Using //@ to indicate sourceMappingURL pragmas is deprecated. Use //# instead
JavaScript warning: https://www.davidjones.com/_Incapsula_Resource?SWJIYLWA=719d34d31c8e3a6e6fffd425f7e032f3&ns=15&cb=1526117067, line 1: unreachable code after return statement
JavaScript warning: https://www.davidjones.com/_Incapsula_Resource?SWJIYLWA=719d34d31c8e3a6e6fffd425f7e032f3&ns=15&cb=1526117067, line 1: unreachable code after return statement
JavaScript warning: https://www.davidjones.com/_Incapsula_Resource?SWJIYLWA=719d34d31c8e3a6e6fffd425f7e032f3&ns=15&cb=1526117067, line 1: unreachable code after return statement
JavaScript warning: https://www.davidjones.com/_Incapsula_Resource?SWJIYLWA=719d34d31c8e3a6e6fffd425f7e032f3&ns=15&cb=1526117067 line 1 > eval, line 1: unreachable code after return statement
JavaScript warning: https://www.davidjones.com/_Incapsula_Resource?SWJIYLWA=719d34d31c8e3a6e6fffd425f7e032f3&ns=15&cb=1526117067 line 1 > eval, line 1: unreachable code after return statement
JavaScript warning: https://assets.resultspage.com/js/jquery-1.9.1.min.js, line 2: Using //@ to indicate sourceMappingURL pragmas is deprecated. Use //# instead
JavaScript warning: https://assets.resultspage.com/js/jquery-1.9.1.min.js, line 2: Using //@ to indicate sourceMappingURL pragmas is deprecated. Use //# instead
JavaScript error: https://www.davidjones.com/Assets/productLoader.js, line 32: TypeError: $(...).offset(...) is undefined
JavaScript warning: https://assets.resultspage.com/js/jquery-1.9.1.min.js, line 2: Using //@ to indicate sourceMappingURL pragmas is deprecated. Use //# instead
1591598006995	mozrunner::runner	INFO	Running command: "/usr/bin/firefox" "-marionette" "-foreground" "-no-remote" "-profile" "/tmp/rust_mozprofilezjiwCn"
1591598007404	addons.webextension.doh-rollout@mozilla.org	WARN	Loading extension 'doh-rollout@mozilla.org': Reading manifest: Invalid extension permission: networkStatus
1591598007822	addons.webextension.screenshots@mozilla.org	WARN	Loading extension 'screenshots@mozilla.org': Reading manifest: Invalid extension permission: mozillaAddons
1591598007822	addons.webextension.screenshots@mozilla.org	WARN	Loading extension 'screenshots@mozilla.org': Reading manifest: Invalid extension permission: telemetry
1591598007822	addons.webextension.screenshots@mozilla.org	WARN	Loading extension 'screenshots@mozilla.org': Reading manifest: Invalid extension permission: resource://pdf.js/
1591598007822	addons.webextension.screenshots@mozilla.org	WARN	Loading extension 'screenshots@mozilla.org': Reading manifest: Invalid extension permission: about:reader*
1591598009696	Marionette	INFO	Listening on port 35123
1591598009719	Marionette	WARN	TLS certificate errors will be ignored for this session
JavaScript warning: https://assets.resultspage.com/js/jquery-1.9.1.min.js, line 2: Using //@ to indicate sourceMappingURL pragmas is deprecated. Use //# instead
1591598017320	Marionette	INFO	Stopped listening on port 42625
1591598018747	Marionette	INFO	Stopped listening on port 37167

###!!! [Child][RunMessage] Error: Channel closing: too late to send/recv, messages will be lost

1591598020534	Marionette	INFO	Stopped listening on port 46645
1591598022836	Marionette	INFO	Stopped listening on port 43537
JavaScript warning: https://assets.resultspage.com/js/jquery-1.9.1.min.js, line 2: Using //@ to indicate sourceMappingURL pragmas is deprecated. Use //# instead
JavaScript warning: https://assets.resultspage.com/js/jquery-1.9.1.min.js, line 2: Using //@ to indicate sourceMappingURL pragmas is deprecated. Use //# instead

###!!! [Child][RunMessage] Error: Channel closing: too late to send/recv, messages will be lost

1591598240285	Marionette	INFO	Stopped listening on port 35123
1591598242323	mozrunner::runner	INFO	Running command: "/usr/bin/firefox" "-marionette" "-foreground" "-no-remote" "-profile" "/tmp/rust_mozprofileL0YwZU"
1591598242672	addons.webextension.doh-rollout@mozilla.org	WARN	Loading extension 'doh-rollout@mozilla.org': Reading manifest: Invalid extension permission: networkStatus
1591598243064	addons.webextension.screenshots@mozilla.org	WARN	Loading extension 'screenshots@mozilla.org': Reading manifest: Invalid extension permission: mozillaAddons
1591598243064	addons.webextension.screenshots@mozilla.org	WARN	Loading extension 'screenshots@mozilla.org': Reading manifest: Invalid extension permission: telemetry
1591598243064	addons.webextension.screenshots@mozilla.org	WARN	Loading extension 'screenshots@mozilla.org': Reading manifest: Invalid extension permission: resource://pdf.js/
1591598243065	addons.webextension.screenshots@mozilla.org	WARN	Loading extension 'screenshots@mozilla.org': Reading manifest: Invalid extension permission: about:reader*
1591598244713	Marionette	INFO	Listening on port 34819
1591598244733	Marionette	WARN	TLS certificate errors will be ignored for this session
JavaScript warning: https://assets.resultspage.com/js/jquery-1.9.1.min.js, line 2: Using //@ to indicate sourceMappingURL pragmas is deprecated. Use //# instead
JavaScript warning: https://assets.resultspage.com/js/jquery-1.9.1.min.js, line 2: Using //@ to indicate sourceMappingURL pragmas is deprecated. Use //# instead
JavaScript warning: https://assets.resultspage.com/js/jquery-1.9.1.min.js, line 2: Using //@ to indicate sourceMappingURL pragmas is deprecated. Use //# instead
1591598418337	mozrunner::runner	INFO	Running command: "/usr/bin/firefox" "-marionette" "-foreground" "-no-remote" "-profile" "/tmp/rust_mozprofileQ94Ndd"
1591598418689	addons.webextension.doh-rollout@mozilla.org	WARN	Loading extension 'doh-rollout@mozilla.org': Reading manifest: Invalid extension permission: networkStatus
1591598419051	addons.webextension.screenshots@mozilla.org	WARN	Loading extension 'screenshots@mozilla.org': Reading manifest: Invalid extension permission: mozillaAddons
1591598419051	addons.webextension.screenshots@mozilla.org	WARN	Loading extension 'screenshots@mozilla.org': Reading manifest: Invalid extension permission: telemetry
1591598419051	addons.webextension.screenshots@mozilla.org	WARN	Loading extension 'screenshots@mozilla.org': Reading manifest: Invalid extension permission: resource://pdf.js/
1591598419052	addons.webextension.screenshots@mozilla.org	WARN	Loading extension 'screenshots@mozilla.org': Reading manifest: Invalid extension permission: about:reader*
1591598420656	Marionette	INFO	Listening on port 39073
1591598420747	Marionette	WARN	TLS certificate errors will be ignored for this session
JavaScript warning: https://assets.resultspage.com/js/jquery-1.9.1.min.js, line 2: Using //@ to indicate sourceMappingURL pragmas is deprecated. Use //# instead
JavaScript warning: https://assets.resultspage.com/js/jquery-1.9.1.min.js, line 2: Using //@ to indicate sourceMappingURL pragmas is deprecated. Use //# instead
JavaScript warning: https://assets.resultspage.com/js/jquery-1.9.1.min.js, line 2: Using //@ to indicate sourceMappingURL pragmas is deprecated. Use //# instead

###!!! [Child][RunMessage] Error: Channel closing: too late to send/recv, messages will be lost


###!!! [Child][RunMessage] Error: Channel closing: too late to send/recv, messages will be lost


###!!! [Child][RunMessage] Error: Channel closing: too late to send/recv, messages will be lost


###!!! [Child][RunMessage] Error: Channel closing: too late to send/recv, messages will be lost

1591598558558	Marionette	INFO	Stopped listening on port 39073
1591598566883	mozrunner::runner	INFO	Running command: "/usr/bin/firefox" "-marionette" "-foreground" "-no-remote" "-profile" "/tmp/rust_mozprofile9s4oHN"
1591598567223	addons.webextension.doh-rollout@mozilla.org	WARN	Loading extension 'doh-rollout@mozilla.org': Reading manifest: Invalid extension permission: networkStatus
1591598567624	addons.webextension.screenshots@mozilla.org	WARN	Loading extension 'screenshots@mozilla.org': Reading manifest: Invalid extension permission: mozillaAddons
1591598567624	addons.webextension.screenshots@mozilla.org	WARN	Loading extension 'screenshots@mozilla.org': Reading manifest: Invalid extension permission: telemetry
1591598567624	addons.webextension.screenshots@mozilla.org	WARN	Loading extension 'screenshots@mozilla.org': Reading manifest: Invalid extension permission: resource://pdf.js/
1591598567624	addons.webextension.screenshots@mozilla.org	WARN	Loading extension 'screenshots@mozilla.org': Reading manifest: Invalid extension permission: about:reader*
1591598569076	Marionette	INFO	Listening on port 41945
1591598569096	Marionette	WARN	TLS certificate errors will be ignored for this session
JavaScript warning: https://assets.resultspage.com/js/jquery-1.9.1.min.js, line 2: Using //@ to indicate sourceMappingURL pragmas is deprecated. Use //# instead
JavaScript warning: https://assets.resultspage.com/js/jquery-1.9.1.min.js, line 2: Using //@ to indicate sourceMappingURL pragmas is deprecated. Use //# instead
JavaScript warning: https://assets.resultspage.com/js/jquery-1.9.1.min.js, line 2: Using //@ to indicate sourceMappingURL pragmas is deprecated. Use //# instead
1591598890243	mozrunner::runner	INFO	Running command: "/usr/bin/firefox" "-marionette" "-foreground" "-no-remote" "-profile" "/tmp/rust_mozprofileLtkVFL"
1591598890549	addons.webextension.doh-rollout@mozilla.org	WARN	Loading extension 'doh-rollout@mozilla.org': Reading manifest: Invalid extension permission: networkStatus
1591598890948	addons.webextension.screenshots@mozilla.org	WARN	Loading extension 'screenshots@mozilla.org': Reading manifest: Invalid extension permission: mozillaAddons
1591598890949	addons.webextension.screenshots@mozilla.org	WARN	Loading extension 'screenshots@mozilla.org': Reading manifest: Invalid extension permission: telemetry
1591598890950	addons.webextension.screenshots@mozilla.org	WARN	Loading extension 'screenshots@mozilla.org': Reading manifest: Invalid extension permission: resource://pdf.js/
1591598890950	addons.webextension.screenshots@mozilla.org	WARN	Loading extension 'screenshots@mozilla.org': Reading manifest: Invalid extension permission: about:reader*
1591598892550	Marionette	INFO	Listening on port 44199
1591598892650	Marionette	WARN	TLS certificate errors will be ignored for this session
JavaScript warning: https://assets.resultspage.com/js/jquery-1.9.1.min.js, line 2: Using //@ to indicate sourceMappingURL pragmas is deprecated. Use //# instead
JavaScript warning: https://assets.resultspage.com/js/jquery-1.9.1.min.js, line 2: Using //@ to indicate sourceMappingURL pragmas is deprecated. Use //# instead
JavaScript warning: https://assets.resultspage.com/js/jquery-1.9.1.min.js, line 2: Using //@ to indicate sourceMappingURL pragmas is deprecated. Use //# instead
1591598952369	mozrunner::runner	INFO	Running command: "/usr/bin/firefox" "-marionette" "-foreground" "-no-remote" "-profile" "/tmp/rust_mozprofilefxkmu5"
1591598952797	addons.webextension.doh-rollout@mozilla.org	WARN	Loading extension 'doh-rollout@mozilla.org': Reading manifest: Invalid extension permission: networkStatus
1591598953339	addons.webextension.screenshots@mozilla.org	WARN	Loading extension 'screenshots@mozilla.org': Reading manifest: Invalid extension permission: mozillaAddons
1591598953339	addons.webextension.screenshots@mozilla.org	WARN	Loading extension 'screenshots@mozilla.org': Reading manifest: Invalid extension permission: telemetry
1591598953339	addons.webextension.screenshots@mozilla.org	WARN	Loading extension 'screenshots@mozilla.org': Reading manifest: Invalid extension permission: resource://pdf.js/
1591598953339	addons.webextension.screenshots@mozilla.org	WARN	Loading extension 'screenshots@mozilla.org': Reading manifest: Invalid extension permission: about:reader*
1591598955589	Marionette	INFO	Listening on port 44427
1591598955684	Marionette	WARN	TLS certificate errors will be ignored for this session
JavaScript warning: https://assets.resultspage.com/js/jquery-1.9.1.min.js, line 2: Using //@ to indicate sourceMappingURL pragmas is deprecated. Use //# instead
1591598958499	Marionette	INFO	Stopped listening on port 44199
JavaScript warning: https://assets.resultspage.com/js/jquery-1.9.1.min.js, line 2: Using //@ to indicate sourceMappingURL pragmas is deprecated. Use //# instead
JavaScript warning: https://assets.resultspage.com/js/jquery-1.9.1.min.js, line 2: Using //@ to indicate sourceMappingURL pragmas is deprecated. Use //# instead
1591599179962	mozrunner::runner	INFO	Running command: "/usr/bin/firefox" "-marionette" "-foreground" "-no-remote" "-profile" "/tmp/rust_mozprofileZxttIT"
1591599180321	addons.webextension.doh-rollout@mozilla.org	WARN	Loading extension 'doh-rollout@mozilla.org': Reading manifest: Invalid extension permission: networkStatus
1591599180798	addons.webextension.screenshots@mozilla.org	WARN	Loading extension 'screenshots@mozilla.org': Reading manifest: Invalid extension permission: mozillaAddons
1591599180799	addons.webextension.screenshots@mozilla.org	WARN	Loading extension 'screenshots@mozilla.org': Reading manifest: Invalid extension permission: telemetry
1591599180799	addons.webextension.screenshots@mozilla.org	WARN	Loading extension 'screenshots@mozilla.org': Reading manifest: Invalid extension permission: resource://pdf.js/
1591599180799	addons.webextension.screenshots@mozilla.org	WARN	Loading extension 'screenshots@mozilla.org': Reading manifest: Invalid extension permission: about:reader*
1591599183350	Marionette	INFO	Listening on port 33915
1591599183386	Marionette	WARN	TLS certificate errors will be ignored for this session

###!!! [Child][RunMessage] Error: Channel closing: too late to send/recv, messages will be lost


###!!! [Child][RunMessage] Error: Channel closing: too late to send/recv, messages will be lost


###!!! [Child][RunMessage] Error: Channel closing: too late to send/recv, messages will be lost


###!!! [Child][RunMessage] Error: Channel closing: too late to send/recv, messages will be lost

1591599184131	Marionette	INFO	Stopped listening on port 44427
JavaScript warning: https://www.davidjones.com/_Incapsula_Resource?SWJIYLWA=5074a744e2e3d891814e9a2dace20bd4,719d34d31c8e3a6e6fffd425f7e032f3, line 1: unreachable code after return statement
JavaScript warning: https://www.davidjones.com/_Incapsula_Resource?SWJIYLWA=5074a744e2e3d891814e9a2dace20bd4,719d34d31c8e3a6e6fffd425f7e032f3, line 1: unreachable code after return statement
JavaScript warning: https://www.davidjones.com/_Incapsula_Resource?SWJIYLWA=5074a744e2e3d891814e9a2dace20bd4,719d34d31c8e3a6e6fffd425f7e032f3, line 1: unreachable code after return statement
JavaScript warning: https://www.davidjones.com/_Incapsula_Resource?SWJIYLWA=5074a744e2e3d891814e9a2dace20bd4,719d34d31c8e3a6e6fffd425f7e032f3 line 1 > eval, line 1: unreachable code after return statement
JavaScript warning: https://www.davidjones.com/_Incapsula_Resource?SWJIYLWA=5074a744e2e3d891814e9a2dace20bd4,719d34d31c8e3a6e6fffd425f7e032f3 line 1 > eval, line 1: unreachable code after return statement
JavaScript warning: https://assets.resultspage.com/js/jquery-1.9.1.min.js, line 2: Using //@ to indicate sourceMappingURL pragmas is deprecated. Use //# instead
JavaScript warning: https://www.davidjones.com/_Incapsula_Resource?SWJIYLWA=719d34d31c8e3a6e6fffd425f7e032f3&ns=3&cb=1765052073, line 1: unreachable code after return statement
JavaScript warning: https://www.davidjones.com/_Incapsula_Resource?SWJIYLWA=719d34d31c8e3a6e6fffd425f7e032f3&ns=3&cb=1765052073, line 1: unreachable code after return statement
JavaScript warning: https://www.davidjones.com/_Incapsula_Resource?SWJIYLWA=719d34d31c8e3a6e6fffd425f7e032f3&ns=3&cb=1765052073, line 1: unreachable code after return statement
JavaScript warning: https://www.davidjones.com/_Incapsula_Resource?SWJIYLWA=719d34d31c8e3a6e6fffd425f7e032f3&ns=3&cb=1765052073 line 1 > eval, line 1: unreachable code after return statement
JavaScript warning: https://www.davidjones.com/_Incapsula_Resource?SWJIYLWA=719d34d31c8e3a6e6fffd425f7e032f3&ns=3&cb=1765052073 line 1 > eval, line 1: unreachable code after return statement
1591599194510	Marionette	INFO	Stopped listening on port 41945
JavaScript warning: https://assets.resultspage.com/js/jquery-1.9.1.min.js, line 2: Using //@ to indicate sourceMappingURL pragmas is deprecated. Use //# instead
JavaScript warning: https://assets.resultspage.com/js/jquery-1.9.1.min.js, line 2: Using //@ to indicate sourceMappingURL pragmas is deprecated. Use //# instead
JavaScript error: https://www.davidjones.com/Assets/productLoader.js, line 33: TypeError: $filterBtn is undefined
1591599224542	mozrunner::runner	INFO	Running command: "/usr/bin/firefox" "-marionette" "-foreground" "-no-remote" "-profile" "/tmp/rust_mozprofileQn6g82"
1591599224905	addons.webextension.doh-rollout@mozilla.org	WARN	Loading extension 'doh-rollout@mozilla.org': Reading manifest: Invalid extension permission: networkStatus
1591599225300	addons.webextension.screenshots@mozilla.org	WARN	Loading extension 'screenshots@mozilla.org': Reading manifest: Invalid extension permission: mozillaAddons
1591599225301	addons.webextension.screenshots@mozilla.org	WARN	Loading extension 'screenshots@mozilla.org': Reading manifest: Invalid extension permission: telemetry
1591599225301	addons.webextension.screenshots@mozilla.org	WARN	Loading extension 'screenshots@mozilla.org': Reading manifest: Invalid extension permission: resource://pdf.js/
1591599225301	addons.webextension.screenshots@mozilla.org	WARN	Loading extension 'screenshots@mozilla.org': Reading manifest: Invalid extension permission: about:reader*
1591599227211	Marionette	INFO	Listening on port 36795
1591599227252	Marionette	WARN	TLS certificate errors will be ignored for this session
1591599227832	Marionette	INFO	Stopped listening on port 33915
JavaScript warning: https://www.davidjones.com/_Incapsula_Resource?SWJIYLWA=5074a744e2e3d891814e9a2dace20bd4,719d34d31c8e3a6e6fffd425f7e032f3, line 1: unreachable code after return statement
JavaScript warning: https://www.davidjones.com/_Incapsula_Resource?SWJIYLWA=5074a744e2e3d891814e9a2dace20bd4,719d34d31c8e3a6e6fffd425f7e032f3, line 1: unreachable code after return statement
JavaScript warning: https://www.davidjones.com/_Incapsula_Resource?SWJIYLWA=5074a744e2e3d891814e9a2dace20bd4,719d34d31c8e3a6e6fffd425f7e032f3, line 1: unreachable code after return statement
JavaScript warning: https://www.davidjones.com/_Incapsula_Resource?SWJIYLWA=5074a744e2e3d891814e9a2dace20bd4,719d34d31c8e3a6e6fffd425f7e032f3 line 1 > eval, line 1: unreachable code after return statement
JavaScript warning: https://www.davidjones.com/_Incapsula_Resource?SWJIYLWA=5074a744e2e3d891814e9a2dace20bd4,719d34d31c8e3a6e6fffd425f7e032f3 line 1 > eval, line 1: unreachable code after return statement
JavaScript warning: https://assets.resultspage.com/js/jquery-1.9.1.min.js, line 2: Using //@ to indicate sourceMappingURL pragmas is deprecated. Use //# instead
JavaScript warning: https://www.davidjones.com/_Incapsula_Resource?SWJIYLWA=719d34d31c8e3a6e6fffd425f7e032f3&ns=2&cb=365969823, line 1: unreachable code after return statement
JavaScript warning: https://www.davidjones.com/_Incapsula_Resource?SWJIYLWA=719d34d31c8e3a6e6fffd425f7e032f3&ns=2&cb=365969823, line 1: unreachable code after return statement
JavaScript warning: https://www.davidjones.com/_Incapsula_Resource?SWJIYLWA=719d34d31c8e3a6e6fffd425f7e032f3&ns=2&cb=365969823, line 1: unreachable code after return statement
JavaScript warning: https://www.davidjones.com/_Incapsula_Resource?SWJIYLWA=719d34d31c8e3a6e6fffd425f7e032f3&ns=2&cb=365969823 line 1 > eval, line 1: unreachable code after return statement
JavaScript warning: https://www.davidjones.com/_Incapsula_Resource?SWJIYLWA=719d34d31c8e3a6e6fffd425f7e032f3&ns=2&cb=365969823 line 1 > eval, line 1: unreachable code after return statement
JavaScript warning: https://assets.resultspage.com/js/jquery-1.9.1.min.js, line 2: Using //@ to indicate sourceMappingURL pragmas is deprecated. Use //# instead
JavaScript warning: https://assets.resultspage.com/js/jquery-1.9.1.min.js, line 2: Using //@ to indicate sourceMappingURL pragmas is deprecated. Use //# instead
1591599501458	mozrunner::runner	INFO	Running command: "/usr/bin/firefox" "-marionette" "-foreground" "-no-remote" "-profile" "/tmp/rust_mozprofile2nxK66"
1591599501827	addons.webextension.doh-rollout@mozilla.org	WARN	Loading extension 'doh-rollout@mozilla.org': Reading manifest: Invalid extension permission: networkStatus
1591599502202	addons.webextension.screenshots@mozilla.org	WARN	Loading extension 'screenshots@mozilla.org': Reading manifest: Invalid extension permission: mozillaAddons
1591599502202	addons.webextension.screenshots@mozilla.org	WARN	Loading extension 'screenshots@mozilla.org': Reading manifest: Invalid extension permission: telemetry
1591599502203	addons.webextension.screenshots@mozilla.org	WARN	Loading extension 'screenshots@mozilla.org': Reading manifest: Invalid extension permission: resource://pdf.js/
1591599502203	addons.webextension.screenshots@mozilla.org	WARN	Loading extension 'screenshots@mozilla.org': Reading manifest: Invalid extension permission: about:reader*
1591599504018	Marionette	INFO	Listening on port 46719
1591599504081	Marionette	WARN	TLS certificate errors will be ignored for this session
JavaScript warning: https://assets.resultspage.com/js/jquery-1.9.1.min.js, line 2: Using //@ to indicate sourceMappingURL pragmas is deprecated. Use //# instead
JavaScript error: https://www.davidjones.com/images/assetimages/frontend/eacss/ea.js, line 7: TypeError: $(...) is undefined
JavaScript warning: https://www.davidjones.com/_Incapsula_Resource?SWJIYLWA=719d34d31c8e3a6e6fffd425f7e032f3&ns=1&cb=939623839, line 1: unreachable code after return statement
JavaScript warning: https://www.davidjones.com/_Incapsula_Resource?SWJIYLWA=719d34d31c8e3a6e6fffd425f7e032f3&ns=1&cb=939623839, line 1: unreachable code after return statement
JavaScript warning: https://www.davidjones.com/_Incapsula_Resource?SWJIYLWA=719d34d31c8e3a6e6fffd425f7e032f3&ns=1&cb=939623839, line 1: unreachable code after return statement
JavaScript warning: https://www.davidjones.com/_Incapsula_Resource?SWJIYLWA=719d34d31c8e3a6e6fffd425f7e032f3&ns=1&cb=939623839 line 1 > eval, line 1: unreachable code after return statement
JavaScript warning: https://www.davidjones.com/_Incapsula_Resource?SWJIYLWA=719d34d31c8e3a6e6fffd425f7e032f3&ns=1&cb=939623839 line 1 > eval, line 1: unreachable code after return statement
1591599651436	Marionette	INFO	Stopped listening on port 46719
1591599651744	mozrunner::runner	INFO	Running command: "/usr/bin/firefox" "-marionette" "-foreground" "-no-remote" "-profile" "/tmp/rust_mozprofileEzjkJz"
1591599652117	addons.webextension.doh-rollout@mozilla.org	WARN	Loading extension 'doh-rollout@mozilla.org': Reading manifest: Invalid extension permission: networkStatus
1591599652546	addons.webextension.screenshots@mozilla.org	WARN	Loading extension 'screenshots@mozilla.org': Reading manifest: Invalid extension permission: mozillaAddons
1591599652546	addons.webextension.screenshots@mozilla.org	WARN	Loading extension 'screenshots@mozilla.org': Reading manifest: Invalid extension permission: telemetry
1591599652547	addons.webextension.screenshots@mozilla.org	WARN	Loading extension 'screenshots@mozilla.org': Reading manifest: Invalid extension permission: resource://pdf.js/
1591599652547	addons.webextension.screenshots@mozilla.org	WARN	Loading extension 'screenshots@mozilla.org': Reading manifest: Invalid extension permission: about:reader*
1591599654448	Marionette	INFO	Listening on port 44633
1591599654458	Marionette	WARN	TLS certificate errors will be ignored for this session
JavaScript warning: https://www.davidjones.com/_Incapsula_Resource?SWJIYLWA=5074a744e2e3d891814e9a2dace20bd4,719d34d31c8e3a6e6fffd425f7e032f3, line 1: unreachable code after return statement
JavaScript warning: https://assets.resultspage.com/js/jquery-1.9.1.min.js, line 2: Using //@ to indicate sourceMappingURL pragmas is deprecated. Use //# instead
JavaScript warning: https://www.davidjones.com/_Incapsula_Resource?SWJIYLWA=719d34d31c8e3a6e6fffd425f7e032f3&ns=3&cb=1529415353, line 1: unreachable code after return statement
JavaScript warning: https://www.davidjones.com/_Incapsula_Resource?SWJIYLWA=719d34d31c8e3a6e6fffd425f7e032f3&ns=3&cb=1529415353, line 1: unreachable code after return statement
JavaScript warning: https://www.davidjones.com/_Incapsula_Resource?SWJIYLWA=719d34d31c8e3a6e6fffd425f7e032f3&ns=3&cb=1529415353 line 1 > eval, line 1: unreachable code after return statement
JavaScript warning: https://assets.resultspage.com/js/jquery-1.9.1.min.js, line 2: Using //@ to indicate sourceMappingURL pragmas is deprecated. Use //# instead
JavaScript warning: https://assets.resultspage.com/js/jquery-1.9.1.min.js, line 2: Using //@ to indicate sourceMappingURL pragmas is deprecated. Use //# instead
1591599707263	Marionette	INFO	Stopped listening on port 44633
1591599722586	mozrunner::runner	INFO	Running command: "/usr/bin/firefox" "-marionette" "-foreground" "-no-remote" "-profile" "/tmp/rust_mozprofileZ5SIqG"
1591599722957	addons.webextension.doh-rollout@mozilla.org	WARN	Loading extension 'doh-rollout@mozilla.org': Reading manifest: Invalid extension permission: networkStatus
1591599723411	addons.webextension.screenshots@mozilla.org	WARN	Loading extension 'screenshots@mozilla.org': Reading manifest: Invalid extension permission: mozillaAddons
1591599723411	addons.webextension.screenshots@mozilla.org	WARN	Loading extension 'screenshots@mozilla.org': Reading manifest: Invalid extension permission: telemetry
1591599723412	addons.webextension.screenshots@mozilla.org	WARN	Loading extension 'screenshots@mozilla.org': Reading manifest: Invalid extension permission: resource://pdf.js/
1591599723412	addons.webextension.screenshots@mozilla.org	WARN	Loading extension 'screenshots@mozilla.org': Reading manifest: Invalid extension permission: about:reader*
1591599725236	Marionette	INFO	Listening on port 40983
1591599725296	Marionette	WARN	TLS certificate errors will be ignored for this session
1591599749834	Marionette	INFO	Stopped listening on port 40983
1591599752504	mozrunner::runner	INFO	Running command: "/usr/bin/firefox" "-marionette" "-foreground" "-no-remote" "-profile" "/tmp/rust_mozprofilehlCqRo"
1591599752894	addons.webextension.doh-rollout@mozilla.org	WARN	Loading extension 'doh-rollout@mozilla.org': Reading manifest: Invalid extension permission: networkStatus
1591599753262	addons.webextension.screenshots@mozilla.org	WARN	Loading extension 'screenshots@mozilla.org': Reading manifest: Invalid extension permission: mozillaAddons
1591599753262	addons.webextension.screenshots@mozilla.org	WARN	Loading extension 'screenshots@mozilla.org': Reading manifest: Invalid extension permission: telemetry
1591599753262	addons.webextension.screenshots@mozilla.org	WARN	Loading extension 'screenshots@mozilla.org': Reading manifest: Invalid extension permission: resource://pdf.js/
1591599753263	addons.webextension.screenshots@mozilla.org	WARN	Loading extension 'screenshots@mozilla.org': Reading manifest: Invalid extension permission: about:reader*
1591599755154	Marionette	INFO	Listening on port 36317
1591599755223	Marionette	WARN	TLS certificate errors will be ignored for this session
1591599763131	Marionette	INFO	Stopped listening on port 36317
1591599848154	mozrunner::runner	INFO	Running command: "/usr/bin/firefox" "-marionette" "-foreground" "-no-remote" "-profile" "/tmp/rust_mozprofileLIscKw"
1591599848567	addons.webextension.doh-rollout@mozilla.org	WARN	Loading extension 'doh-rollout@mozilla.org': Reading manifest: Invalid extension permission: networkStatus
1591599848985	addons.webextension.screenshots@mozilla.org	WARN	Loading extension 'screenshots@mozilla.org': Reading manifest: Invalid extension permission: mozillaAddons
1591599848985	addons.webextension.screenshots@mozilla.org	WARN	Loading extension 'screenshots@mozilla.org': Reading manifest: Invalid extension permission: telemetry
1591599848986	addons.webextension.screenshots@mozilla.org	WARN	Loading extension 'screenshots@mozilla.org': Reading manifest: Invalid extension permission: resource://pdf.js/
1591599848986	addons.webextension.screenshots@mozilla.org	WARN	Loading extension 'screenshots@mozilla.org': Reading manifest: Invalid extension permission: about:reader*
1591599850858	Marionette	INFO	Listening on port 37743
1591599850871	Marionette	WARN	TLS certificate errors will be ignored for this session
JavaScript warning: https://assets.resultspage.com/js/jquery-1.9.1.min.js, line 2: Using //@ to indicate sourceMappingURL pragmas is deprecated. Use //# instead
JavaScript warning: https://www.davidjones.com/_Incapsula_Resource?SWJIYLWA=719d34d31c8e3a6e6fffd425f7e032f3&ns=1&cb=1370827815, line 1: unreachable code after return statement
JavaScript warning: https://www.davidjones.com/_Incapsula_Resource?SWJIYLWA=719d34d31c8e3a6e6fffd425f7e032f3&ns=1&cb=1370827815, line 1: unreachable code after return statement
JavaScript warning: https://www.davidjones.com/_Incapsula_Resource?SWJIYLWA=719d34d31c8e3a6e6fffd425f7e032f3&ns=1&cb=1370827815, line 1: unreachable code after return statement
JavaScript warning: https://www.davidjones.com/_Incapsula_Resource?SWJIYLWA=719d34d31c8e3a6e6fffd425f7e032f3&ns=1&cb=1370827815 line 1 > eval, line 1: unreachable code after return statement
JavaScript warning: https://www.davidjones.com/_Incapsula_Resource?SWJIYLWA=719d34d31c8e3a6e6fffd425f7e032f3&ns=1&cb=1370827815 line 1 > eval, line 1: unreachable code after return statement
JavaScript warning: https://assets.resultspage.com/js/jquery-1.9.1.min.js, line 2: Using //@ to indicate sourceMappingURL pragmas is deprecated. Use //# instead
JavaScript warning: https://assets.resultspage.com/js/jquery-1.9.1.min.js, line 2: Using //@ to indicate sourceMappingURL pragmas is deprecated. Use //# instead
1591600046085	Marionette	INFO	Stopped listening on port 37743
1591600393816	mozrunner::runner	INFO	Running command: "/usr/bin/firefox" "-marionette" "-foreground" "-no-remote" "-profile" "/tmp/rust_mozprofileh3scJo"
1591600394161	addons.webextension.doh-rollout@mozilla.org	WARN	Loading extension 'doh-rollout@mozilla.org': Reading manifest: Invalid extension permission: networkStatus
1591600394501	addons.webextension.screenshots@mozilla.org	WARN	Loading extension 'screenshots@mozilla.org': Reading manifest: Invalid extension permission: mozillaAddons
1591600394501	addons.webextension.screenshots@mozilla.org	WARN	Loading extension 'screenshots@mozilla.org': Reading manifest: Invalid extension permission: telemetry
1591600394501	addons.webextension.screenshots@mozilla.org	WARN	Loading extension 'screenshots@mozilla.org': Reading manifest: Invalid extension permission: resource://pdf.js/
1591600394501	addons.webextension.screenshots@mozilla.org	WARN	Loading extension 'screenshots@mozilla.org': Reading manifest: Invalid extension permission: about:reader*
1591600396247	Marionette	INFO	Listening on port 43879
1591600396346	Marionette	WARN	TLS certificate errors will be ignored for this session
JavaScript warning: https://assets.resultspage.com/js/jquery-1.9.1.min.js, line 2: Using //@ to indicate sourceMappingURL pragmas is deprecated. Use //# instead
JavaScript warning: https://assets.resultspage.com/js/jquery-1.9.1.min.js, line 2: Using //@ to indicate sourceMappingURL pragmas is deprecated. Use //# instead
JavaScript warning: https://assets.resultspage.com/js/jquery-1.9.1.min.js, line 2: Using //@ to indicate sourceMappingURL pragmas is deprecated. Use //# instead
1591600428880	mozrunner::runner	INFO	Running command: "/usr/bin/firefox" "-marionette" "-foreground" "-no-remote" "-profile" "/tmp/rust_mozprofile2YYziP"
1591600429414	addons.webextension.doh-rollout@mozilla.org	WARN	Loading extension 'doh-rollout@mozilla.org': Reading manifest: Invalid extension permission: networkStatus
1591600430000	addons.webextension.screenshots@mozilla.org	WARN	Loading extension 'screenshots@mozilla.org': Reading manifest: Invalid extension permission: mozillaAddons
1591600430001	addons.webextension.screenshots@mozilla.org	WARN	Loading extension 'screenshots@mozilla.org': Reading manifest: Invalid extension permission: telemetry
1591600430002	addons.webextension.screenshots@mozilla.org	WARN	Loading extension 'screenshots@mozilla.org': Reading manifest: Invalid extension permission: resource://pdf.js/
1591600430002	addons.webextension.screenshots@mozilla.org	WARN	Loading extension 'screenshots@mozilla.org': Reading manifest: Invalid extension permission: about:reader*
1591600432446	Marionette	INFO	Listening on port 41047
1591600432504	Marionette	WARN	TLS certificate errors will be ignored for this session
1591600434249	Marionette	INFO	Stopped listening on port 43879
JavaScript warning: https://assets.resultspage.com/js/jquery-1.9.1.min.js, line 2: Using //@ to indicate sourceMappingURL pragmas is deprecated. Use //# instead
JavaScript warning: https://assets.resultspage.com/js/jquery-1.9.1.min.js, line 2: Using //@ to indicate sourceMappingURL pragmas is deprecated. Use //# instead
JavaScript warning: https://assets.resultspage.com/js/jquery-1.9.1.min.js, line 2: Using //@ to indicate sourceMappingURL pragmas is deprecated. Use //# instead
1591600533869	Marionette	INFO	Stopped listening on port 41047
1591600608436	mozrunner::runner	INFO	Running command: "/usr/bin/firefox" "-marionette" "-foreground" "-no-remote" "-profile" "/tmp/rust_mozprofiler8Mzh8"
1591600608813	addons.webextension.doh-rollout@mozilla.org	WARN	Loading extension 'doh-rollout@mozilla.org': Reading manifest: Invalid extension permission: networkStatus
1591600609304	addons.webextension.screenshots@mozilla.org	WARN	Loading extension 'screenshots@mozilla.org': Reading manifest: Invalid extension permission: mozillaAddons
1591600609304	addons.webextension.screenshots@mozilla.org	WARN	Loading extension 'screenshots@mozilla.org': Reading manifest: Invalid extension permission: telemetry
1591600609305	addons.webextension.screenshots@mozilla.org	WARN	Loading extension 'screenshots@mozilla.org': Reading manifest: Invalid extension permission: resource://pdf.js/
1591600609305	addons.webextension.screenshots@mozilla.org	WARN	Loading extension 'screenshots@mozilla.org': Reading manifest: Invalid extension permission: about:reader*
1591600611203	Marionette	INFO	Listening on port 41687
1591600611249	Marionette	WARN	TLS certificate errors will be ignored for this session
JavaScript warning: https://assets.resultspage.com/js/jquery-1.9.1.min.js, line 2: Using //@ to indicate sourceMappingURL pragmas is deprecated. Use //# instead
JavaScript warning: https://www.davidjones.com/_Incapsula_Resource?SWJIYLWA=719d34d31c8e3a6e6fffd425f7e032f3&ns=14&cb=2069246117, line 1: unreachable code after return statement
JavaScript warning: https://www.davidjones.com/_Incapsula_Resource?SWJIYLWA=719d34d31c8e3a6e6fffd425f7e032f3&ns=14&cb=2069246117, line 1: unreachable code after return statement
JavaScript warning: https://www.davidjones.com/_Incapsula_Resource?SWJIYLWA=719d34d31c8e3a6e6fffd425f7e032f3&ns=14&cb=2069246117, line 1: unreachable code after return statement
JavaScript warning: https://www.davidjones.com/_Incapsula_Resource?SWJIYLWA=719d34d31c8e3a6e6fffd425f7e032f3&ns=14&cb=2069246117 line 1 > eval, line 1: unreachable code after return statement
JavaScript warning: https://www.davidjones.com/_Incapsula_Resource?SWJIYLWA=719d34d31c8e3a6e6fffd425f7e032f3&ns=14&cb=2069246117 line 1 > eval, line 1: unreachable code after return statement
JavaScript warning: https://assets.resultspage.com/js/jquery-1.9.1.min.js, line 2: Using //@ to indicate sourceMappingURL pragmas is deprecated. Use //# instead
JavaScript warning: https://assets.resultspage.com/js/jquery-1.9.1.min.js, line 2: Using //@ to indicate sourceMappingURL pragmas is deprecated. Use //# instead
JavaScript warning: https://www.davidjones.com/Assets/jquery.js, line 1: Script terminated by timeout at:
simulate@https://www.davidjones.com/Assets/jquery.js:1:48580
r@https://www.davidjones.com/Assets/jquery.js:1:51708

JavaScript warning: https://assets.resultspage.com/js/jquery-1.9.1.min.js, line 2: Using //@ to indicate sourceMappingURL pragmas is deprecated. Use //# instead
JavaScript warning: https://assets.resultspage.com/js/jquery-1.9.1.min.js, line 2: Using //@ to indicate sourceMappingURL pragmas is deprecated. Use //# instead
console.error: "Error while calling actor 'domnode's method 'getImageData'" ""
console.error: "imageToImageData@resource://devtools/server/actors/inspector/utils.js:339:9\n"
1591600902657	Marionette	INFO	Stopped listening on port 41227
JavaScript warning: https://www.davidjones.com/_Incapsula_Resource?SWJIYLWA=719d34d31c8e3a6e6fffd425f7e032f3&ns=4&cb=2018397603, line 1: unreachable code after return statement
JavaScript warning: https://www.davidjones.com/_Incapsula_Resource?SWJIYLWA=719d34d31c8e3a6e6fffd425f7e032f3&ns=4&cb=2018397603, line 1: unreachable code after return statement
JavaScript warning: https://www.davidjones.com/_Incapsula_Resource?SWJIYLWA=719d34d31c8e3a6e6fffd425f7e032f3&ns=4&cb=2018397603, line 1: unreachable code after return statement
JavaScript warning: https://www.davidjones.com/_Incapsula_Resource?SWJIYLWA=719d34d31c8e3a6e6fffd425f7e032f3&ns=4&cb=2018397603 line 1 > eval, line 1: unreachable code after return statement
JavaScript warning: https://www.davidjones.com/_Incapsula_Resource?SWJIYLWA=719d34d31c8e3a6e6fffd425f7e032f3&ns=4&cb=2018397603 line 1 > eval, line 1: unreachable code after return statement
JavaScript error: https://www.davidjones.com/images/assetimages/frontend/eacss/ea.js, line 7: TypeError: $(...) is undefined
JavaScript warning: https://www.gstatic.com/recaptcha/releases/ADnAC3ZykfbIOflWgrKNsVVT/recaptcha__en.js, line 516: Script terminated by timeout at:
KF.prototype.Z@https://www.gstatic.com/recaptcha/releases/ADnAC3ZykfbIOflWgrKNsVVT/recaptcha__en.js:516:495
h</<@https://www.gstatic.com/recaptcha/releases/ADnAC3ZykfbIOflWgrKNsVVT/recaptcha__en.js:11:373
L</<@https://www.gstatic.com/recaptcha/releases/ADnAC3ZykfbIOflWgrKNsVVT/recaptcha__en.js:234:324
h</</J.J/<@https://www.gstatic.com/recaptcha/releases/ADnAC3ZykfbIOflWgrKNsVVT/recaptcha__en.js:33:113
f</<@https://www.gstatic.com/recaptcha/releases/ADnAC3ZykfbIOflWgrKNsVVT/recaptcha__en.js:90:170
f</</this.next@https://www.gstatic.com/recaptcha/releases/ADnAC3ZykfbIOflWgrKNsVVT/recaptcha__en.js:98:442
J@https://www.gstatic.com/recaptcha/releases/ADnAC3ZykfbIOflWgrKNsVVT/recaptcha__en.js:305:399

JavaScript error: , line 0: uncaught exception: Invalid action name, may only include "A-Za-z/_". Do not include user-specific information.
JavaScript error: https://www.davidjones.com/images/assetimages/frontend/eacss/ea.js, line 7: TypeError: $(...) is undefined
JavaScript error: resource://gre/actors/AutoCompleteChild.jsm, line 196: Error: Invalid autocomplete selectedIndex
JavaScript error: resource://gre/actors/AutoCompleteChild.jsm, line 196: Error: Invalid autocomplete selectedIndex
1591601326120	mozrunner::runner	INFO	Running command: "/usr/bin/firefox" "-marionette" "-foreground" "-no-remote" "-profile" "/tmp/rust_mozprofileYvVJf6"
1591601326510	addons.webextension.doh-rollout@mozilla.org	WARN	Loading extension 'doh-rollout@mozilla.org': Reading manifest: Invalid extension permission: networkStatus
1591601326866	addons.webextension.screenshots@mozilla.org	WARN	Loading extension 'screenshots@mozilla.org': Reading manifest: Invalid extension permission: mozillaAddons
1591601326866	addons.webextension.screenshots@mozilla.org	WARN	Loading extension 'screenshots@mozilla.org': Reading manifest: Invalid extension permission: telemetry
1591601326866	addons.webextension.screenshots@mozilla.org	WARN	Loading extension 'screenshots@mozilla.org': Reading manifest: Invalid extension permission: resource://pdf.js/
1591601326866	addons.webextension.screenshots@mozilla.org	WARN	Loading extension 'screenshots@mozilla.org': Reading manifest: Invalid extension permission: about:reader*
1591601328753	Marionette	INFO	Listening on port 43593
1591601328831	Marionette	WARN	TLS certificate errors will be ignored for this session
JavaScript warning: https://assets.resultspage.com/js/jquery-1.9.1.min.js, line 2: Using //@ to indicate sourceMappingURL pragmas is deprecated. Use //# instead

###!!! [Child][RunMessage] Error: Channel closing: too late to send/recv, messages will be lost


###!!! [Child][RunMessage] Error: Channel closing: too late to send/recv, messages will be lost


###!!! [Child][RunMessage] Error: Channel closing: too late to send/recv, messages will be lost


###!!! [Child][RunMessage] Error: Channel closing: too late to send/recv, messages will be lost

1591601513733	Marionette	INFO	Stopped listening on port 41687
1591601607110	Marionette	INFO	Stopped listening on port 43593
1591601608531	Marionette	INFO	Stopped listening on port 34819
IPDL protocol error: Handler returned error code!

###!!! [Parent][DispatchAsyncMessage] Error: PLayerTransaction::Msg_ReleaseLayer Processing error: message was deserialized, but the handler returned false (indicating failure)

IPDL protocol error: Handler returned error code!

###!!! [Parent][DispatchAsyncMessage] Error: PLayerTransaction::Msg_ReleaseLayer Processing error: message was deserialized, but the handler returned false (indicating failure)

1591601609560	Marionette	INFO	Stopped listening on port 36795
1591601610763	Marionette	INFO	Stopped listening on port 34693
1591975637330	mozrunner::runner	INFO	Running command: "/usr/bin/firefox" "-marionette" "-foreground" "-no-remote" "-profile" "/tmp/rust_mozprofile35BMX4"
1591975639346	Marionette	INFO	Listening on port 46281
1591975639443	Marionette	WARN	TLS certificate errors will be ignored for this session
JavaScript warning: https://assets.resultspage.com/js/jquery-1.9.1.min.js, line 2: Using //@ to indicate sourceMappingURL pragmas is deprecated. Use //# instead
1591975656397	Marionette	INFO	Stopped listening on port 46281
1591975699499	mozrunner::runner	INFO	Running command: "/usr/bin/firefox" "-marionette" "-foreground" "-no-remote" "-profile" "/tmp/rust_mozprofilem4C2DJ"
1591975701542	Marionette	INFO	Listening on port 36529
1591975701616	Marionette	WARN	TLS certificate errors will be ignored for this session
JavaScript warning: https://assets.resultspage.com/js/jquery-1.9.1.min.js, line 2: Using //@ to indicate sourceMappingURL pragmas is deprecated. Use //# instead
JavaScript warning: https://www.davidjones.com/_Incapsula_Resource?SWJIYLWA=719d34d31c8e3a6e6fffd425f7e032f3&ns=1&cb=923703592, line 1: unreachable code after return statement
JavaScript warning: https://www.davidjones.com/_Incapsula_Resource?SWJIYLWA=719d34d31c8e3a6e6fffd425f7e032f3&ns=1&cb=923703592, line 1: unreachable code after return statement
JavaScript warning: https://www.davidjones.com/_Incapsula_Resource?SWJIYLWA=719d34d31c8e3a6e6fffd425f7e032f3&ns=1&cb=923703592, line 1: unreachable code after return statement
JavaScript warning: https://www.davidjones.com/_Incapsula_Resource?SWJIYLWA=719d34d31c8e3a6e6fffd425f7e032f3&ns=1&cb=923703592 line 1 > eval, line 1: unreachable code after return statement
JavaScript warning: https://www.davidjones.com/_Incapsula_Resource?SWJIYLWA=719d34d31c8e3a6e6fffd425f7e032f3&ns=1&cb=923703592 line 1 > eval, line 1: unreachable code after return statement
1591975723904	Marionette	INFO	Stopped listening on port 36529

###!!! [Child][RunMessage] Error: Channel closing: too late to send/recv, messages will be lost


###!!! [Child][RunMessage] Error: Channel closing: too late to send/recv, messages will be lost

1591975951875	mozrunner::runner	INFO	Running command: "/usr/bin/firefox" "-marionette" "-foreground" "-no-remote" "-profile" "/tmp/rust_mozprofileXCWKet"
1591975953912	Marionette	INFO	Listening on port 45921
1591975954010	Marionette	WARN	TLS certificate errors will be ignored for this session
JavaScript warning: https://assets.resultspage.com/js/jquery-1.9.1.min.js, line 2: Using //@ to indicate sourceMappingURL pragmas is deprecated. Use //# instead
JavaScript warning: https://www.davidjones.com/_Incapsula_Resource?SWJIYLWA=719d34d31c8e3a6e6fffd425f7e032f3&ns=3&cb=1013786566, line 1: unreachable code after return statement
1591975973999	Marionette	INFO	Stopped listening on port 45921
1591976115430	mozrunner::runner	INFO	Running command: "/usr/bin/firefox" "-marionette" "-foreground" "-no-remote" "-profile" "/tmp/rust_mozprofileVRG7F7"
1591976117540	Marionette	INFO	Listening on port 39717
1591976117654	Marionette	WARN	TLS certificate errors will be ignored for this session
JavaScript warning: https://assets.resultspage.com/js/jquery-1.9.1.min.js, line 2: Using //@ to indicate sourceMappingURL pragmas is deprecated. Use //# instead
JavaScript warning: https://www.davidjones.com/_Incapsula_Resource?SWJIYLWA=719d34d31c8e3a6e6fffd425f7e032f3&ns=1&cb=1038213623, line 1: unreachable code after return statement
JavaScript warning: https://www.davidjones.com/_Incapsula_Resource?SWJIYLWA=719d34d31c8e3a6e6fffd425f7e032f3&ns=1&cb=1038213623, line 1: unreachable code after return statement
JavaScript warning: https://www.davidjones.com/_Incapsula_Resource?SWJIYLWA=719d34d31c8e3a6e6fffd425f7e032f3&ns=1&cb=1038213623 line 1 > eval, line 1: unreachable code after return statement
1591976142943	Marionette	INFO	Stopped listening on port 39717
1591976229228	mozrunner::runner	INFO	Running command: "/usr/bin/firefox" "-marionette" "-foreground" "-no-remote" "-profile" "/tmp/rust_mozprofileM2lY4I"
1591976231184	Marionette	INFO	Listening on port 42879
1591976231248	Marionette	WARN	TLS certificate errors will be ignored for this session
JavaScript warning: https://assets.resultspage.com/js/jquery-1.9.1.min.js, line 2: Using //@ to indicate sourceMappingURL pragmas is deprecated. Use //# instead
JavaScript warning: https://www.davidjones.com/_Incapsula_Resource?SWJIYLWA=719d34d31c8e3a6e6fffd425f7e032f3&ns=1&cb=53668033, line 1: unreachable code after return statement
JavaScript warning: https://www.davidjones.com/_Incapsula_Resource?SWJIYLWA=719d34d31c8e3a6e6fffd425f7e032f3&ns=1&cb=53668033, line 1: unreachable code after return statement
JavaScript warning: https://www.davidjones.com/_Incapsula_Resource?SWJIYLWA=719d34d31c8e3a6e6fffd425f7e032f3&ns=1&cb=53668033, line 1: unreachable code after return statement
JavaScript warning: https://www.davidjones.com/_Incapsula_Resource?SWJIYLWA=719d34d31c8e3a6e6fffd425f7e032f3&ns=1&cb=53668033 line 1 > eval, line 1: unreachable code after return statement
JavaScript warning: https://www.davidjones.com/_Incapsula_Resource?SWJIYLWA=719d34d31c8e3a6e6fffd425f7e032f3&ns=1&cb=53668033 line 1 > eval, line 1: unreachable code after return statement
1591976248746	Marionette	INFO	Stopped listening on port 42879

###!!! [Child][RunMessage] Error: Channel closing: too late to send/recv, messages will be lost

1591976368393	mozrunner::runner	INFO	Running command: "/usr/bin/firefox" "-marionette" "-foreground" "-no-remote" "-profile" "/tmp/rust_mozprofilewnjbM2"
1591976370333	Marionette	INFO	Listening on port 42511
1591976370427	Marionette	WARN	TLS certificate errors will be ignored for this session
JavaScript warning: https://assets.resultspage.com/js/jquery-1.9.1.min.js, line 2: Using //@ to indicate sourceMappingURL pragmas is deprecated. Use //# instead
JavaScript warning: https://www.davidjones.com/_Incapsula_Resource?SWJIYLWA=719d34d31c8e3a6e6fffd425f7e032f3&ns=2&cb=2033021677, line 1: unreachable code after return statement
JavaScript warning: https://www.davidjones.com/_Incapsula_Resource?SWJIYLWA=719d34d31c8e3a6e6fffd425f7e032f3&ns=2&cb=2033021677, line 1: unreachable code after return statement
JavaScript warning: https://www.davidjones.com/_Incapsula_Resource?SWJIYLWA=719d34d31c8e3a6e6fffd425f7e032f3&ns=2&cb=2033021677, line 1: unreachable code after return statement
JavaScript warning: https://www.davidjones.com/_Incapsula_Resource?SWJIYLWA=719d34d31c8e3a6e6fffd425f7e032f3&ns=2&cb=2033021677 line 1 > eval, line 1: unreachable code after return statement
JavaScript warning: https://www.davidjones.com/_Incapsula_Resource?SWJIYLWA=719d34d31c8e3a6e6fffd425f7e032f3&ns=2&cb=2033021677 line 1 > eval, line 1: unreachable code after return statement
1591976391222	Marionette	INFO	Stopped listening on port 42511
1591976472629	mozrunner::runner	INFO	Running command: "/usr/bin/firefox" "-marionette" "-foreground" "-no-remote" "-profile" "/tmp/rust_mozprofilenOuxbB"
1591976474690	Marionette	INFO	Listening on port 43283
1591976474747	Marionette	WARN	TLS certificate errors will be ignored for this session
JavaScript warning: https://assets.resultspage.com/js/jquery-1.9.1.min.js, line 2: Using //@ to indicate sourceMappingURL pragmas is deprecated. Use //# instead
1591976491262	Marionette	INFO	Stopped listening on port 43283

###!!! [Parent][RunMessage] Error: Channel closing: too late to send/recv, messages will be lost

1591978888413	mozrunner::runner	INFO	Running command: "/usr/bin/firefox" "-marionette" "-foreground" "-no-remote" "-profile" "/tmp/rust_mozprofileIwAoo4"
1591978890825	Marionette	INFO	Listening on port 40121
1591978890938	Marionette	WARN	TLS certificate errors will be ignored for this session
JavaScript warning: https://assets.resultspage.com/js/jquery-1.9.1.min.js, line 2: Using //@ to indicate sourceMappingURL pragmas is deprecated. Use //# instead
JavaScript warning: https://www.davidjones.com/_Incapsula_Resource?SWJIYLWA=719d34d31c8e3a6e6fffd425f7e032f3&ns=1&cb=1801789678, line 1: unreachable code after return statement
JavaScript warning: https://www.davidjones.com/_Incapsula_Resource?SWJIYLWA=719d34d31c8e3a6e6fffd425f7e032f3&ns=1&cb=1801789678, line 1: unreachable code after return statement
JavaScript warning: https://www.davidjones.com/_Incapsula_Resource?SWJIYLWA=719d34d31c8e3a6e6fffd425f7e032f3&ns=1&cb=1801789678 line 1 > eval, line 1: unreachable code after return statement
1591978918140	Marionette	INFO	Stopped listening on port 40121
1591979053224	mozrunner::runner	INFO	Running command: "/usr/bin/firefox" "-marionette" "-foreground" "-no-remote" "-profile" "/tmp/rust_mozprofileIJ4W5w"
1591979055342	Marionette	INFO	Listening on port 34159
1591979055439	Marionette	WARN	TLS certificate errors will be ignored for this session
JavaScript warning: https://assets.resultspage.com/js/jquery-1.9.1.min.js, line 2: Using //@ to indicate sourceMappingURL pragmas is deprecated. Use //# instead
JavaScript warning: https://www.davidjones.com/_Incapsula_Resource?SWJIYLWA=719d34d31c8e3a6e6fffd425f7e032f3&ns=1&cb=1454461149, line 1: unreachable code after return statement
JavaScript warning: https://www.davidjones.com/_Incapsula_Resource?SWJIYLWA=719d34d31c8e3a6e6fffd425f7e032f3&ns=1&cb=1454461149, line 1: unreachable code after return statement
JavaScript warning: https://www.davidjones.com/_Incapsula_Resource?SWJIYLWA=719d34d31c8e3a6e6fffd425f7e032f3&ns=1&cb=1454461149 line 1 > eval, line 1: unreachable code after return statement
1591979073297	Marionette	INFO	Stopped listening on port 34159

###!!! [Child][RunMessage] Error: Channel closing: too late to send/recv, messages will be lost

1591979251578	mozrunner::runner	INFO	Running command: "/usr/bin/firefox" "-marionette" "-foreground" "-no-remote" "-profile" "/tmp/rust_mozprofileLvsgu3"
1591979253892	Marionette	INFO	Listening on port 45075
1591979253992	Marionette	WARN	TLS certificate errors will be ignored for this session
JavaScript warning: https://assets.resultspage.com/js/jquery-1.9.1.min.js, line 2: Using //@ to indicate sourceMappingURL pragmas is deprecated. Use //# instead
JavaScript warning: https://www.davidjones.com/_Incapsula_Resource?SWJIYLWA=719d34d31c8e3a6e6fffd425f7e032f3&ns=22&cb=1250923870, line 1: unreachable code after return statement
JavaScript warning: https://www.davidjones.com/_Incapsula_Resource?SWJIYLWA=719d34d31c8e3a6e6fffd425f7e032f3&ns=22&cb=1250923870, line 1: unreachable code after return statement
JavaScript warning: https://www.davidjones.com/_Incapsula_Resource?SWJIYLWA=719d34d31c8e3a6e6fffd425f7e032f3&ns=22&cb=1250923870, line 1: unreachable code after return statement
JavaScript warning: https://www.davidjones.com/_Incapsula_Resource?SWJIYLWA=719d34d31c8e3a6e6fffd425f7e032f3&ns=22&cb=1250923870 line 1 > eval, line 1: unreachable code after return statement
JavaScript warning: https://www.davidjones.com/_Incapsula_Resource?SWJIYLWA=719d34d31c8e3a6e6fffd425f7e032f3&ns=22&cb=1250923870 line 1 > eval, line 1: unreachable code after return statement
1591979284287	Marionette	INFO	Stopped listening on port 45075
1591979366684	mozrunner::runner	INFO	Running command: "/usr/bin/firefox" "-marionette" "-foreground" "-no-remote" "-profile" "/tmp/rust_mozprofile6iLl8q"
1591979368941	Marionette	INFO	Listening on port 40793
1591979369002	Marionette	WARN	TLS certificate errors will be ignored for this session
JavaScript warning: https://assets.resultspage.com/js/jquery-1.9.1.min.js, line 2: Using //@ to indicate sourceMappingURL pragmas is deprecated. Use //# instead
JavaScript warning: https://www.davidjones.com/_Incapsula_Resource?SWJIYLWA=719d34d31c8e3a6e6fffd425f7e032f3&ns=1&cb=533346317, line 1: unreachable code after return statement
JavaScript warning: https://www.davidjones.com/_Incapsula_Resource?SWJIYLWA=719d34d31c8e3a6e6fffd425f7e032f3&ns=1&cb=533346317, line 1: unreachable code after return statement
JavaScript warning: https://www.davidjones.com/_Incapsula_Resource?SWJIYLWA=719d34d31c8e3a6e6fffd425f7e032f3&ns=1&cb=533346317, line 1: unreachable code after return statement
JavaScript warning: https://www.davidjones.com/_Incapsula_Resource?SWJIYLWA=719d34d31c8e3a6e6fffd425f7e032f3&ns=1&cb=533346317 line 1 > eval, line 1: unreachable code after return statement
JavaScript warning: https://www.davidjones.com/_Incapsula_Resource?SWJIYLWA=719d34d31c8e3a6e6fffd425f7e032f3&ns=1&cb=533346317 line 1 > eval, line 1: unreachable code after return statement
1591979386498	Marionette	INFO	Stopped listening on port 40793
1591979477203	mozrunner::runner	INFO	Running command: "/usr/bin/firefox" "-marionette" "-foreground" "-no-remote" "-profile" "/tmp/rust_mozprofileiwibSb"
1591979479253	Marionette	INFO	Listening on port 37669
1591979479343	Marionette	WARN	TLS certificate errors will be ignored for this session
JavaScript warning: https://assets.resultspage.com/js/jquery-1.9.1.min.js, line 2: Using //@ to indicate sourceMappingURL pragmas is deprecated. Use //# instead
JavaScript warning: https://www.davidjones.com/_Incapsula_Resource?SWJIYLWA=719d34d31c8e3a6e6fffd425f7e032f3&ns=1&cb=682402769, line 1: unreachable code after return statement
JavaScript warning: https://www.davidjones.com/_Incapsula_Resource?SWJIYLWA=719d34d31c8e3a6e6fffd425f7e032f3&ns=1&cb=682402769, line 1: unreachable code after return statement
JavaScript warning: https://www.davidjones.com/_Incapsula_Resource?SWJIYLWA=719d34d31c8e3a6e6fffd425f7e032f3&ns=1&cb=682402769, line 1: unreachable code after return statement
JavaScript warning: https://www.davidjones.com/_Incapsula_Resource?SWJIYLWA=719d34d31c8e3a6e6fffd425f7e032f3&ns=1&cb=682402769 line 1 > eval, line 1: unreachable code after return statement
JavaScript warning: https://www.davidjones.com/_Incapsula_Resource?SWJIYLWA=719d34d31c8e3a6e6fffd425f7e032f3&ns=1&cb=682402769 line 1 > eval, line 1: unreachable code after return statement
1591979505169	Marionette	INFO	Stopped listening on port 37669
1591979636059	mozrunner::runner	INFO	Running command: "/usr/bin/firefox" "-marionette" "-foreground" "-no-remote" "-profile" "/tmp/rust_mozprofiledA7Ht2"
1591979638248	Marionette	INFO	Listening on port 35347
1591979638278	Marionette	WARN	TLS certificate errors will be ignored for this session
JavaScript warning: https://assets.resultspage.com/js/jquery-1.9.1.min.js, line 2: Using //@ to indicate sourceMappingURL pragmas is deprecated. Use //# instead
JavaScript warning: https://www.davidjones.com/_Incapsula_Resource?SWJIYLWA=719d34d31c8e3a6e6fffd425f7e032f3&ns=1&cb=1725658068, line 1: unreachable code after return statement
JavaScript warning: https://www.davidjones.com/_Incapsula_Resource?SWJIYLWA=719d34d31c8e3a6e6fffd425f7e032f3&ns=1&cb=1725658068, line 1: unreachable code after return statement
JavaScript warning: https://www.davidjones.com/_Incapsula_Resource?SWJIYLWA=719d34d31c8e3a6e6fffd425f7e032f3&ns=1&cb=1725658068, line 1: unreachable code after return statement
JavaScript warning: https://www.davidjones.com/_Incapsula_Resource?SWJIYLWA=719d34d31c8e3a6e6fffd425f7e032f3&ns=1&cb=1725658068 line 1 > eval, line 1: unreachable code after return statement
JavaScript warning: https://www.davidjones.com/_Incapsula_Resource?SWJIYLWA=719d34d31c8e3a6e6fffd425f7e032f3&ns=1&cb=1725658068 line 1 > eval, line 1: unreachable code after return statement
1591979654592	Marionette	INFO	Stopped listening on port 35347
1591979685333	mozrunner::runner	INFO	Running command: "/usr/bin/firefox" "-marionette" "-foreground" "-no-remote" "-profile" "/tmp/rust_mozprofiled62UIz"
1591979687565	Marionette	INFO	Listening on port 36003
1591979687644	Marionette	WARN	TLS certificate errors will be ignored for this session
JavaScript warning: https://assets.resultspage.com/js/jquery-1.9.1.min.js, line 2: Using //@ to indicate sourceMappingURL pragmas is deprecated. Use //# instead
JavaScript warning: https://www.davidjones.com/_Incapsula_Resource?SWJIYLWA=719d34d31c8e3a6e6fffd425f7e032f3&ns=1&cb=1608114184, line 1: unreachable code after return statement
1591979705691	Marionette	INFO	Stopped listening on port 36003
1591979925493	mozrunner::runner	INFO	Running command: "/usr/bin/firefox" "-marionette" "-foreground" "-no-remote" "-profile" "/tmp/rust_mozprofileEPMzdY"
1591979928031	Marionette	INFO	Listening on port 39203
1591979928146	Marionette	WARN	TLS certificate errors will be ignored for this session
JavaScript warning: https://assets.resultspage.com/js/jquery-1.9.1.min.js, line 2: Using //@ to indicate sourceMappingURL pragmas is deprecated. Use //# instead
JavaScript warning: https://www.davidjones.com/_Incapsula_Resource?SWJIYLWA=719d34d31c8e3a6e6fffd425f7e032f3&ns=1&cb=289129078, line 1: unreachable code after return statement
JavaScript warning: https://www.davidjones.com/_Incapsula_Resource?SWJIYLWA=719d34d31c8e3a6e6fffd425f7e032f3&ns=1&cb=289129078, line 1: unreachable code after return statement
JavaScript warning: https://www.davidjones.com/_Incapsula_Resource?SWJIYLWA=719d34d31c8e3a6e6fffd425f7e032f3&ns=1&cb=289129078, line 1: unreachable code after return statement
JavaScript warning: https://www.davidjones.com/_Incapsula_Resource?SWJIYLWA=719d34d31c8e3a6e6fffd425f7e032f3&ns=1&cb=289129078 line 1 > eval, line 1: unreachable code after return statement
JavaScript warning: https://www.davidjones.com/_Incapsula_Resource?SWJIYLWA=719d34d31c8e3a6e6fffd425f7e032f3&ns=1&cb=289129078 line 1 > eval, line 1: unreachable code after return statement
1591979943858	Marionette	INFO	Stopped listening on port 39203
1591980187465	mozrunner::runner	INFO	Running command: "/usr/bin/firefox" "-marionette" "-foreground" "-no-remote" "-profile" "/tmp/rust_mozprofilek5Htzj"
1591980189700	Marionette	INFO	Listening on port 37709
1591980189778	Marionette	WARN	TLS certificate errors will be ignored for this session
JavaScript warning: https://assets.resultspage.com/js/jquery-1.9.1.min.js, line 2: Using //@ to indicate sourceMappingURL pragmas is deprecated. Use //# instead
JavaScript warning: https://www.davidjones.com/_Incapsula_Resource?SWJIYLWA=719d34d31c8e3a6e6fffd425f7e032f3&ns=1&cb=1067583674, line 1: unreachable code after return statement
JavaScript warning: https://www.davidjones.com/_Incapsula_Resource?SWJIYLWA=719d34d31c8e3a6e6fffd425f7e032f3&ns=1&cb=1067583674, line 1: unreachable code after return statement
JavaScript warning: https://www.davidjones.com/_Incapsula_Resource?SWJIYLWA=719d34d31c8e3a6e6fffd425f7e032f3&ns=1&cb=1067583674, line 1: unreachable code after return statement
JavaScript warning: https://www.davidjones.com/_Incapsula_Resource?SWJIYLWA=719d34d31c8e3a6e6fffd425f7e032f3&ns=1&cb=1067583674 line 1 > eval, line 1: unreachable code after return statement
JavaScript warning: https://www.davidjones.com/_Incapsula_Resource?SWJIYLWA=719d34d31c8e3a6e6fffd425f7e032f3&ns=1&cb=1067583674 line 1 > eval, line 1: unreachable code after return statement
1591980203344	Marionette	INFO	Stopped listening on port 37709
1591980248681	mozrunner::runner	INFO	Running command: "/usr/bin/firefox" "-marionette" "-foreground" "-no-remote" "-profile" "/tmp/rust_mozprofileacGxcZ"
1591980250681	Marionette	INFO	Listening on port 40329
1591980250696	Marionette	WARN	TLS certificate errors will be ignored for this session
JavaScript warning: https://www.davidjones.com/_Incapsula_Resource?SWJIYLWA=5074a744e2e3d891814e9a2dace20bd4,719d34d31c8e3a6e6fffd425f7e032f3, line 1: unreachable code after return statement
JavaScript warning: https://www.davidjones.com/_Incapsula_Resource?SWJIYLWA=5074a744e2e3d891814e9a2dace20bd4,719d34d31c8e3a6e6fffd425f7e032f3, line 1: unreachable code after return statement
JavaScript warning: https://www.davidjones.com/_Incapsula_Resource?SWJIYLWA=5074a744e2e3d891814e9a2dace20bd4,719d34d31c8e3a6e6fffd425f7e032f3 line 1 > eval, line 1: unreachable code after return statement
JavaScript warning: https://assets.resultspage.com/js/jquery-1.9.1.min.js, line 2: Using //@ to indicate sourceMappingURL pragmas is deprecated. Use //# instead
JavaScript warning: https://www.davidjones.com/_Incapsula_Resource?SWJIYLWA=719d34d31c8e3a6e6fffd425f7e032f3&ns=3&cb=1838734421, line 1: unreachable code after return statement
JavaScript warning: https://www.davidjones.com/_Incapsula_Resource?SWJIYLWA=719d34d31c8e3a6e6fffd425f7e032f3&ns=3&cb=1838734421, line 1: unreachable code after return statement
JavaScript warning: https://www.davidjones.com/_Incapsula_Resource?SWJIYLWA=719d34d31c8e3a6e6fffd425f7e032f3&ns=3&cb=1838734421, line 1: unreachable code after return statement
JavaScript warning: https://www.davidjones.com/_Incapsula_Resource?SWJIYLWA=719d34d31c8e3a6e6fffd425f7e032f3&ns=3&cb=1838734421 line 1 > eval, line 1: unreachable code after return statement
JavaScript warning: https://www.davidjones.com/_Incapsula_Resource?SWJIYLWA=719d34d31c8e3a6e6fffd425f7e032f3&ns=3&cb=1838734421 line 1 > eval, line 1: unreachable code after return statement
1591980268769	Marionette	INFO	Stopped listening on port 40329
1591980282459	mozrunner::runner	INFO	Running command: "/usr/bin/firefox" "-marionette" "-foreground" "-no-remote" "-profile" "/tmp/rust_mozprofilepW1qqU"
1591980284481	Marionette	INFO	Listening on port 34299
1591980284623	Marionette	WARN	TLS certificate errors will be ignored for this session
1591980299200	Marionette	INFO	Stopped listening on port 34299
1591980306984	mozrunner::runner	INFO	Running command: "/usr/bin/firefox" "-marionette" "-foreground" "-no-remote" "-profile" "/tmp/rust_mozprofilehbeC2A"
1591980309206	Marionette	INFO	Listening on port 44797
1591980309300	Marionette	WARN	TLS certificate errors will be ignored for this session
1591980323412	Marionette	INFO	Stopped listening on port 44797
1591980691773	mozrunner::runner	INFO	Running command: "/usr/bin/firefox" "-marionette" "-foreground" "-no-remote" "-profile" "/tmp/rust_mozprofileRR1Q78"
1591980693788	Marionette	INFO	Listening on port 45079
1591980693889	Marionette	WARN	TLS certificate errors will be ignored for this session
1591980706180	Marionette	INFO	Stopped listening on port 45079
1591980724324	mozrunner::runner	INFO	Running command: "/usr/bin/firefox" "-marionette" "-foreground" "-no-remote" "-profile" "/tmp/rust_mozprofileMGJnLN"
1591980726558	Marionette	INFO	Listening on port 45591
1591980726634	Marionette	WARN	TLS certificate errors will be ignored for this session
JavaScript warning: https://www.davidjones.com/_Incapsula_Resource?SWJIYLWA=5074a744e2e3d891814e9a2dace20bd4,719d34d31c8e3a6e6fffd425f7e032f3, line 1: unreachable code after return statement
JavaScript warning: https://www.davidjones.com/_Incapsula_Resource?SWJIYLWA=5074a744e2e3d891814e9a2dace20bd4,719d34d31c8e3a6e6fffd425f7e032f3, line 1: unreachable code after return statement
JavaScript warning: https://www.davidjones.com/_Incapsula_Resource?SWJIYLWA=5074a744e2e3d891814e9a2dace20bd4,719d34d31c8e3a6e6fffd425f7e032f3, line 1: unreachable code after return statement
JavaScript warning: https://www.davidjones.com/_Incapsula_Resource?SWJIYLWA=5074a744e2e3d891814e9a2dace20bd4,719d34d31c8e3a6e6fffd425f7e032f3 line 1 > eval, line 1: unreachable code after return statement
JavaScript warning: https://www.davidjones.com/_Incapsula_Resource?SWJIYLWA=5074a744e2e3d891814e9a2dace20bd4,719d34d31c8e3a6e6fffd425f7e032f3 line 1 > eval, line 1: unreachable code after return statement
JavaScript warning: https://assets.resultspage.com/js/jquery-1.9.1.min.js, line 2: Using //@ to indicate sourceMappingURL pragmas is deprecated. Use //# instead
1591980737549	Marionette	INFO	Stopped listening on port 45591

###!!! [Child][RunMessage] Error: Channel closing: too late to send/recv, messages will be lost


###!!! [Child][RunMessage] Error: Channel closing: too late to send/recv, messages will be lost


###!!! [Child][RunMessage] Error: Channel closing: too late to send/recv, messages will be lost


###!!! [Child][RunMessage] Error: Channel closing: too late to send/recv, messages will be lost


###!!! [Child][RunMessage] Error: Channel closing: too late to send/recv, messages will be lost


###!!! [Child][RunMessage] Error: Channel closing: too late to send/recv, messages will be lost


###!!! [Child][RunMessage] Error: Channel closing: too late to send/recv, messages will be lost

1591980757324	mozrunner::runner	INFO	Running command: "/usr/bin/firefox" "-marionette" "-foreground" "-no-remote" "-profile" "/tmp/rust_mozprofile38TyR1"
1591980759375	Marionette	INFO	Listening on port 35249
1591980759439	Marionette	WARN	TLS certificate errors will be ignored for this session
JavaScript warning: https://www.davidjones.com/_Incapsula_Resource?SWJIYLWA=5074a744e2e3d891814e9a2dace20bd4,719d34d31c8e3a6e6fffd425f7e032f3, line 1: unreachable code after return statement
JavaScript warning: https://www.davidjones.com/_Incapsula_Resource?SWJIYLWA=5074a744e2e3d891814e9a2dace20bd4,719d34d31c8e3a6e6fffd425f7e032f3, line 1: unreachable code after return statement
JavaScript warning: https://www.davidjones.com/_Incapsula_Resource?SWJIYLWA=5074a744e2e3d891814e9a2dace20bd4,719d34d31c8e3a6e6fffd425f7e032f3 line 1 > eval, line 1: unreachable code after return statement
JavaScript warning: https://assets.resultspage.com/js/jquery-1.9.1.min.js, line 2: Using //@ to indicate sourceMappingURL pragmas is deprecated. Use //# instead
JavaScript warning: https://www.davidjones.com/_Incapsula_Resource?SWJIYLWA=719d34d31c8e3a6e6fffd425f7e032f3&ns=2&cb=88425319, line 1: unreachable code after return statement
JavaScript warning: https://www.davidjones.com/_Incapsula_Resource?SWJIYLWA=719d34d31c8e3a6e6fffd425f7e032f3&ns=2&cb=88425319, line 1: unreachable code after return statement
JavaScript warning: https://www.davidjones.com/_Incapsula_Resource?SWJIYLWA=719d34d31c8e3a6e6fffd425f7e032f3&ns=2&cb=88425319 line 1 > eval, line 1: unreachable code after return statement
1591980787491	Marionette	INFO	Stopped listening on port 35249
1591981138005	mozrunner::runner	INFO	Running command: "/usr/bin/firefox" "-marionette" "-foreground" "-no-remote" "-profile" "/tmp/rust_mozprofile3rierP"
1591981140016	Marionette	INFO	Listening on port 41031
1591981140139	Marionette	WARN	TLS certificate errors will be ignored for this session
1591981152539	Marionette	INFO	Stopped listening on port 41031
1591981253939	mozrunner::runner	INFO	Running command: "/usr/bin/firefox" "-marionette" "-foreground" "-no-remote" "-profile" "/tmp/rust_mozprofileHEKP0X"
1591981256094	Marionette	INFO	Listening on port 40269
1591981256154	Marionette	WARN	TLS certificate errors will be ignored for this session
1591981271040	Marionette	INFO	Stopped listening on port 40269
1591981362546	mozrunner::runner	INFO	Running command: "/usr/bin/firefox" "-marionette" "-foreground" "-no-remote" "-profile" "/tmp/rust_mozprofileMPE2IJ"
1591981364571	Marionette	INFO	Listening on port 45425
1591981364665	Marionette	WARN	TLS certificate errors will be ignored for this session
1591981378993	Marionette	INFO	Stopped listening on port 45425
1591981572253	mozrunner::runner	INFO	Running command: "/usr/bin/firefox" "-marionette" "-foreground" "-no-remote" "-profile" "/tmp/rust_mozprofileFqswSc"
1591981574436	Marionette	INFO	Listening on port 42163
1591981574462	Marionette	WARN	TLS certificate errors will be ignored for this session
1591981589929	Marionette	INFO	Stopped listening on port 42163
1591981788192	mozrunner::runner	INFO	Running command: "/usr/bin/firefox" "-marionette" "-foreground" "-no-remote" "-profile" "/tmp/rust_mozprofile5y62AC"
1591981790137	Marionette	INFO	Listening on port 40117
1591981790210	Marionette	WARN	TLS certificate errors will be ignored for this session
1591981804094	Marionette	INFO	Stopped listening on port 40117
1591981820796	mozrunner::runner	INFO	Running command: "/usr/bin/firefox" "-marionette" "-foreground" "-no-remote" "-profile" "/tmp/rust_mozprofile4409iU"
1591981823354	Marionette	INFO	Listening on port 35919
1591981823405	Marionette	WARN	TLS certificate errors will be ignored for this session
1591981837244	Marionette	INFO	Stopped listening on port 35919
1591981852925	mozrunner::runner	INFO	Running command: "/usr/bin/firefox" "-marionette" "-foreground" "-no-remote" "-profile" "/tmp/rust_mozprofiledO2DH8"
1591981854985	Marionette	INFO	Listening on port 34123
1591981855042	Marionette	WARN	TLS certificate errors will be ignored for this session
1591981862446	Marionette	INFO	Stopped listening on port 34123
1591981867259	mozrunner::runner	INFO	Running command: "/usr/bin/firefox" "-marionette" "-foreground" "-no-remote" "-profile" "/tmp/rust_mozprofilep2INvh"
1591981869929	Marionette	INFO	Listening on port 33541
1591981869972	Marionette	WARN	TLS certificate errors will be ignored for this session
1591981877375	Marionette	INFO	Stopped listening on port 33541
1591982252615	mozrunner::runner	INFO	Running command: "/usr/bin/firefox" "-marionette" "-foreground" "-no-remote" "-profile" "/tmp/rust_mozprofile4tS3ew"
1591982254698	Marionette	INFO	Listening on port 38637
1591982254746	Marionette	WARN	TLS certificate errors will be ignored for this session
1591982267051	Marionette	INFO	Stopped listening on port 38637
